<?xml version="1.0" encoding="UTF-8"?>
<testng-results ignored="0" total="1" passed="1" failed="0" skipped="0">
  <reporter-output>
  </reporter-output>
  <suite started-at="2024-02-12T10:21:08 IST" name="Default suite" finished-at="2024-02-12T10:21:08 IST" duration-ms="117">
    <groups>
    </groups>
    <test started-at="2024-02-12T10:21:08 IST" name="Default test" finished-at="2024-02-12T10:21:08 IST" duration-ms="117">
      <class name="programs.Pattern2">
        <test-method signature="pat1()[pri:0, instance:programs.Pattern2@409bf450]" started-at="2024-02-12T10:21:08 IST" name="pat1" finished-at="2024-02-12T10:21:08 IST" duration-ms="17" status="PASS">
          <reporter-output>
          </reporter-output>
        </test-method> <!-- pat1 -->
      </class> <!-- programs.Pattern2 -->
    </test> <!-- Default test -->
  </suite> <!-- Default suite -->
</testng-results>
